{"/Users/ronaldmutebi/Desktop/Desktop/bench/district-scrapper/api/index.js":{"path":"/Users/ronaldmutebi/Desktop/Desktop/bench/district-scrapper/api/index.js","s":{"1":1,"2":1,"3":1,"4":1,"5":1,"6":1,"7":1,"8":1,"9":128,"10":1,"11":135,"12":0,"13":1,"14":895,"15":501,"16":394,"17":1,"18":1,"19":1,"20":1,"21":1,"22":1,"23":1,"24":0,"25":1},"b":{"1":[0,135],"2":[501,394]},"f":{},"fnMap":{},"statementMap":{"1":{"start":{"line":1,"column":0},"end":{"line":1,"column":31}},"2":{"start":{"line":2,"column":0},"end":{"line":2,"column":33}},"3":{"start":{"line":4,"column":0},"end":{"line":4,"column":64}},"4":{"start":{"line":6,"column":0},"end":{"line":44,"column":2}},"5":{"start":{"line":8,"column":2},"end":{"line":16,"column":4}},"6":{"start":{"line":18,"column":2},"end":{"line":18,"column":38}},"7":{"start":{"line":20,"column":2},"end":{"line":20,"column":30}},"8":{"start":{"line":21,"column":2},"end":{"line":23,"column":5}},"9":{"start":{"line":22,"column":4},"end":{"line":22,"column":30}},"10":{"start":{"line":25,"column":2},"end":{"line":29,"column":3}},"11":{"start":{"line":26,"column":4},"end":{"line":28,"column":5}},"12":{"start":{"line":27,"column":6},"end":{"line":27,"column":42}},"13":{"start":{"line":31,"column":2},"end":{"line":36,"column":5}},"14":{"start":{"line":32,"column":4},"end":{"line":34,"column":5}},"15":{"start":{"line":33,"column":6},"end":{"line":33,"column":15}},"16":{"start":{"line":35,"column":4},"end":{"line":35,"column":14}},"17":{"start":{"line":38,"column":2},"end":{"line":38,"column":28}},"18":{"start":{"line":40,"column":2},"end":{"line":43,"column":5}},"19":{"start":{"line":41,"column":4},"end":{"line":41,"column":18}},"20":{"start":{"line":42,"column":4},"end":{"line":42,"column":38}},"21":{"start":{"line":46,"column":0},"end":{"line":51,"column":2}},"22":{"start":{"line":47,"column":2},"end":{"line":50,"column":40}},"23":{"start":{"line":49,"column":22},"end":{"line":49,"column":44}},"24":{"start":{"line":50,"column":20},"end":{"line":50,"column":38}},"25":{"start":{"line":53,"column":0},"end":{"line":55,"column":2}}},"branchMap":{"1":{"line":26,"type":"if","locations":[{"start":{"line":26,"column":4},"end":{"line":26,"column":4}},{"start":{"line":26,"column":4},"end":{"line":26,"column":4}}]},"2":{"line":32,"type":"if","locations":[{"start":{"line":32,"column":4},"end":{"line":32,"column":4}},{"start":{"line":32,"column":4},"end":{"line":32,"column":4}}]}}}}